{
  "RSpec": {
    "coverage": {
      "/Users/bogdancuza/Development/code/tic-tac-toe-rb/lib/tic_tac_toe.rb": [
        null,
        1,
        null,
        null,
        null,
        null,
        null,
        null,
        null,
        null,
        null,
        1,
        42,
        288,
        288,
        288,
        null,
        288,
        13,
        null,
        null,
        null,
        null,
        null,
        1,
        250,
        null,
        null,
        1,
        24,
        null,
        null,
        1,
        22,
        null,
        null,
        1,
        14,
        14,
        8,
        null,
        6,
        null,
        null,
        1,
        25,
        25,
        25,
        25,
        25,
        null,
        null,
        1,
        24,
        null,
        null,
        1,
        23,
        null,
        null,
        1,
        26,
        null,
        null,
        1,
        24,
        null,
        null,
        1,
        22,
        22,
        198,
        32,
        null,
        null,
        22,
        null,
        null,
        1,
        21,
        21,
        null,
        null,
        1,
        20,
        20,
        21,
        21,
        21,
        null,
        20,
        20,
        null,
        null,
        null,
        1,
        12,
        18,
        null,
        12,
        12,
        5,
        7,
        3,
        null,
        null
      ]
    },
    "timestamp": 1652648341
  }
}
